C:\Program Files\Microsoft Visual Studio\2022\Community\MSBuild\Microsoft\VC\v170\Microsoft.CppBuild.targets(531,5): warning MSB8028: промежуточный каталог (x64\Release\) содержит файлы, которые используются совместно с другим проектом (Game3.vcxproj).  Это может привести к ошибкам очистки и перестроения.
LINK : warning LNK4098: библиотека по умолчанию "LIBCMT" конфликтует с использованием других библиотек; используйте /NODEFAULTLIB:library
  Создание кода
C:\Users\gfif\source\repos\opengltry2\opengltry2\engine\Components\Cpps\Drawing.cpp(21): warning C4715: GetWindow: значение возвращается не при всех путях выполнения
  2784 of 5295 functions (52.6%) were compiled, the rest were copied from previous compilation.
    229 functions were new in current compilation
    207 functions had inline decision re-evaluated but remain unchanged
  Создание кода завершено
StaticLibEngine.lib(glew.obj) : warning LNK4099: "" PDB не найден с "StaticLibEngine.lib(glew.obj)" или на ""; компоновка объекта выполняется как при отсутствии отладочных данных
StaticLibEngine.lib(ftbase.obj) : warning LNK4099: "" PDB не найден с "StaticLibEngine.lib(ftbase.obj)" или на ""; компоновка объекта выполняется как при отсутствии отладочных данных
StaticLibEngine.lib(ftinit.obj) : warning LNK4099: "" PDB не найден с "StaticLibEngine.lib(ftinit.obj)" или на ""; компоновка объекта выполняется как при отсутствии отладочных данных
StaticLibEngine.lib(ftsystem.obj) : warning LNK4099: "" PDB не найден с "StaticLibEngine.lib(ftsystem.obj)" или на ""; компоновка объекта выполняется как при отсутствии отладочных данных
StaticLibEngine.lib(autofit.obj) : warning LNK4099: "" PDB не найден с "StaticLibEngine.lib(autofit.obj)" или на ""; компоновка объекта выполняется как при отсутствии отладочных данных
StaticLibEngine.lib(truetype.obj) : warning LNK4099: "" PDB не найден с "StaticLibEngine.lib(truetype.obj)" или на ""; компоновка объекта выполняется как при отсутствии отладочных данных
StaticLibEngine.lib(type1.obj) : warning LNK4099: "" PDB не найден с "StaticLibEngine.lib(type1.obj)" или на ""; компоновка объекта выполняется как при отсутствии отладочных данных
StaticLibEngine.lib(cff.obj) : warning LNK4099: "" PDB не найден с "StaticLibEngine.lib(cff.obj)" или на ""; компоновка объекта выполняется как при отсутствии отладочных данных
StaticLibEngine.lib(type1cid.obj) : warning LNK4099: "" PDB не найден с "StaticLibEngine.lib(type1cid.obj)" или на ""; компоновка объекта выполняется как при отсутствии отладочных данных
StaticLibEngine.lib(pfr.obj) : warning LNK4099: "" PDB не найден с "StaticLibEngine.lib(pfr.obj)" или на ""; компоновка объекта выполняется как при отсутствии отладочных данных
StaticLibEngine.lib(type42.obj) : warning LNK4099: "" PDB не найден с "StaticLibEngine.lib(type42.obj)" или на ""; компоновка объекта выполняется как при отсутствии отладочных данных
StaticLibEngine.lib(winfnt.obj) : warning LNK4099: "" PDB не найден с "StaticLibEngine.lib(winfnt.obj)" или на ""; компоновка объекта выполняется как при отсутствии отладочных данных
StaticLibEngine.lib(pcf.obj) : warning LNK4099: "" PDB не найден с "StaticLibEngine.lib(pcf.obj)" или на ""; компоновка объекта выполняется как при отсутствии отладочных данных
StaticLibEngine.lib(bdf.obj) : warning LNK4099: "" PDB не найден с "StaticLibEngine.lib(bdf.obj)" или на ""; компоновка объекта выполняется как при отсутствии отладочных данных
StaticLibEngine.lib(psaux.obj) : warning LNK4099: "" PDB не найден с "StaticLibEngine.lib(psaux.obj)" или на ""; компоновка объекта выполняется как при отсутствии отладочных данных
StaticLibEngine.lib(psmodule.obj) : warning LNK4099: "" PDB не найден с "StaticLibEngine.lib(psmodule.obj)" или на ""; компоновка объекта выполняется как при отсутствии отладочных данных
StaticLibEngine.lib(pshinter.obj) : warning LNK4099: "" PDB не найден с "StaticLibEngine.lib(pshinter.obj)" или на ""; компоновка объекта выполняется как при отсутствии отладочных данных
StaticLibEngine.lib(sfnt.obj) : warning LNK4099: "" PDB не найден с "StaticLibEngine.lib(sfnt.obj)" или на ""; компоновка объекта выполняется как при отсутствии отладочных данных
StaticLibEngine.lib(smooth.obj) : warning LNK4099: "" PDB не найден с "StaticLibEngine.lib(smooth.obj)" или на ""; компоновка объекта выполняется как при отсутствии отладочных данных
StaticLibEngine.lib(raster.obj) : warning LNK4099: "" PDB не найден с "StaticLibEngine.lib(raster.obj)" или на ""; компоновка объекта выполняется как при отсутствии отладочных данных
StaticLibEngine.lib(sdf.obj) : warning LNK4099: "" PDB не найден с "StaticLibEngine.lib(sdf.obj)" или на ""; компоновка объекта выполняется как при отсутствии отладочных данных
StaticLibEngine.lib(svg.obj) : warning LNK4099: "" PDB не найден с "StaticLibEngine.lib(svg.obj)" или на ""; компоновка объекта выполняется как при отсутствии отладочных данных
StaticLibEngine.lib(ftgzip.obj) : warning LNK4099: "" PDB не найден с "StaticLibEngine.lib(ftgzip.obj)" или на ""; компоновка объекта выполняется как при отсутствии отладочных данных
StaticLibEngine.lib(ftlzw.obj) : warning LNK4099: "" PDB не найден с "StaticLibEngine.lib(ftlzw.obj)" или на ""; компоновка объекта выполняется как при отсутствии отладочных данных
StaticLibEngine.lib(ftbitmap.obj) : warning LNK4099: "" PDB не найден с "StaticLibEngine.lib(ftbitmap.obj)" или на ""; компоновка объекта выполняется как при отсутствии отладочных данных
StaticLibEngine.lib(ftdebug.obj) : warning LNK4099: "" PDB не найден с "StaticLibEngine.lib(ftdebug.obj)" или на ""; компоновка объекта выполняется как при отсутствии отладочных данных
  Game3.vcxproj -> C:\Users\gfif\source\repos\HEAT\x64\Release\HEAT.exe
