c:\users\gfif\source\repos\game3\x64\release\vc143.pdb
c:\users\gfif\source\repos\game3\x64\release\source.obj
c:\users\gfif\source\repos\game3\x64\release\imgui_widgets.obj
c:\users\gfif\source\repos\game3\x64\release\imgui_tables.obj
c:\users\gfif\source\repos\game3\x64\release\imgui_impl_opengl3.obj
c:\users\gfif\source\repos\game3\x64\release\imgui_impl_glfw.obj
c:\users\gfif\source\repos\game3\x64\release\imgui_draw.obj
c:\users\gfif\source\repos\game3\x64\release\imgui_demo.obj
c:\users\gfif\source\repos\game3\x64\release\imgui.obj
c:\users\gfif\source\repos\game3\x64\release\alhelpers.obj
c:\users\gfif\source\repos\game3\x64\release\game3.ipdb
c:\users\gfif\source\repos\game3\x64\release\game3.iobj
c:\users\gfif\source\repos\game3\x64\release\game3.exe
c:\users\gfif\source\repos\game3\x64\release\game3.pdb
c:\users\gfif\source\repos\game3\x64\release\game3.tlog\cl.command.1.tlog
c:\users\gfif\source\repos\game3\x64\release\game3.tlog\cl.read.1.tlog
c:\users\gfif\source\repos\game3\x64\release\game3.tlog\cl.write.1.tlog
c:\users\gfif\source\repos\game3\x64\release\game3.tlog\game3.write.1u.tlog
c:\users\gfif\source\repos\game3\x64\release\game3.tlog\link.command.1.tlog
c:\users\gfif\source\repos\game3\x64\release\game3.tlog\link.read.1.tlog
c:\users\gfif\source\repos\game3\x64\release\game3.tlog\link.write.1.tlog
